<?xml version="1.0" encoding="UTF-8"?>
<testsuite xmlns:xsi="http://www.w3.org/2001/XMLSchema-instance" xsi:noNamespaceSchemaLocation="https://maven.apache.org/surefire/maven-surefire-plugin/xsd/surefire-test-report-3.0.xsd" version="3.0" name="com.shopwave.shopwave_starter.ShopwaveStarterApplicationTests" time="6.138" tests="1" errors="0" skipped="0" failures="0">
  <properties>
[...]
</properties>
  <testcase name="contextLoads" classname="com.shopwave.shopwave_starter.ShopwaveStarterApplicationTests" time="0.422">
    <system-out><![CDATA[12:21:52.414 [main] INFO org.springframework.test.context.support.AnnotationConfigContextLoaderUtils -- Could not detect default configuration classes for test class [com.shopwave.shopwave_starter.ShopwaveStarterApplicationTests]: ShopwaveStarterApplicationTests does not declare any static, non-private, non-final, nested classes annotated with @Configuration.
12:21:52.519 [main] INFO org.springframework.boot.test.context.SpringBootTestContextBootstrapper -- Found @SpringBootConfiguration com.shopwave.ShopwaveStarterApplication for test class com.shopwave.shopwave_starter.ShopwaveStarterApplicationTests

  .   ____          _            __ _ _
 /\\ / ___'_ __ _ _(_)_ __  __ _ \ \ \ \
( ( )\___ | '_ | '_| | '_ \/ _` | \ \ \ \
 \\/  ___)| |_)| | | | | || (_| |  ) ) ) )
  '  |____| .__|_| |_|_| |_\__, | / / / /
 =========|_|==============|___/=/_/_/_/

 :: Spring Boot ::                (v3.3.4)

2026-04-02T12:21:52.946+03:00  INFO 22972 --- [shopwave-starter] [           main] c.s.s.ShopwaveStarterApplicationTests    : Starting ShopwaveStarterApplicationTests using Java 21.0.10 with PID 22972 (started by ZeruM in C:\Users\ZeruM\Downloads\shopwave-starter)
2026-04-02T12:21:52.947+03:00  INFO 22972 --- [shopwave-starter] [           main] c.s.s.ShopwaveStarterApplicationTests    : No active profile set, falling back to 1 default profile: "default"
2026-04-02T12:21:53.992+03:00  INFO 22972 --- [shopwave-starter] [           main] .s.d.r.c.RepositoryConfigurationDelegate : Bootstrapping Spring Data JPA repositories in DEFAULT mode.
2026-04-02T12:21:54.041+03:00  INFO 22972 --- [shopwave-starter] [           main] .s.d.r.c.RepositoryConfigurationDelegate : Finished Spring Data repository scanning in 42 ms. Found 1 JPA repository interface.
2026-04-02T12:21:54.726+03:00  INFO 22972 --- [shopwave-starter] [           main] o.hibernate.jpa.internal.util.LogHelper  : HHH000204: Processing PersistenceUnitInfo [name: default]
2026-04-02T12:21:54.817+03:00  INFO 22972 --- [shopwave-starter] [           main] org.hibernate.Version                    : HHH000412: Hibernate ORM core version 6.5.3.Final
2026-04-02T12:21:54.851+03:00  INFO 22972 --- [shopwave-starter] [           main] o.h.c.internal.RegionFactoryInitiator    : HHH000026: Second-level cache disabled
2026-04-02T12:21:55.175+03:00  INFO 22972 --- [shopwave-starter] [           main] o.s.o.j.p.SpringPersistenceUnitInfo      : No LoadTimeWeaver setup: ignoring JPA class transformer
2026-04-02T12:21:55.201+03:00  INFO 22972 --- [shopwave-starter] [           main] com.zaxxer.hikari.HikariDataSource       : HikariPool-1 - Starting...
2026-04-02T12:21:55.331+03:00  INFO 22972 --- [shopwave-starter] [           main] com.zaxxer.hikari.pool.HikariPool        : HikariPool-1 - Added connection conn0: url=jdbc:h2:mem:testdb user=SA
2026-04-02T12:21:55.333+03:00  INFO 22972 --- [shopwave-starter] [           main] com.zaxxer.hikari.HikariDataSource       : HikariPool-1 - Start completed.
2026-04-02T12:21:56.185+03:00  INFO 22972 --- [shopwave-starter] [           main] o.h.e.t.j.p.i.JtaPlatformInitiator       : HHH000489: No JTA platform available (set 'hibernate.transaction.jta.platform' to enable JTA platform integration)
2026-04-02T12:21:56.239+03:00  INFO 22972 --- [shopwave-starter] [           main] j.LocalContainerEntityManagerFactoryBean : Initialized JPA EntityManagerFactory for persistence unit 'default'
2026-04-02T12:21:56.960+03:00  WARN 22972 --- [shopwave-starter] [           main] JpaBaseConfiguration$JpaWebConfiguration : spring.jpa.open-in-view is enabled by default. Therefore, database queries may be performed during view rendering. Explicitly configure spring.jpa.open-in-view to disable this warning
2026-04-02T12:21:57.727+03:00  INFO 22972 --- [shopwave-starter] [           main] o.s.b.a.h2.H2ConsoleAutoConfiguration    : H2 console available at '/h2-console'. Database available at 'jdbc:h2:mem:testdb'
2026-04-02T12:21:57.777+03:00  INFO 22972 --- [shopwave-starter] [           main] o.s.b.a.e.web.EndpointLinksResolver      : Exposing 1 endpoint beneath base path '/actuator'
2026-04-02T12:21:57.852+03:00  INFO 22972 --- [shopwave-starter] [           main] c.s.s.ShopwaveStarterApplicationTests    : Started ShopwaveStarterApplicationTests in 5.183 seconds (process running for 6.134)
]]></system-out>
    <system-err><![CDATA[WARNING: A Java agent has been loaded dynamically (C:\Users\ZeruM\.m2\repository\net\bytebuddy\byte-buddy-agent\1.14.19\byte-buddy-agent-1.14.19.jar)
WARNING: If a serviceability tool is in use, please run with -XX:+EnableDynamicAgentLoading to hide this warning
WARNING: If a serviceability tool is not in use, please run with -Djdk.instrument.traceUsage for more information
WARNING: Dynamic loading of agents will be disallowed by default in a future release
]]></system-err>
  </testcase>
</testsuite>